生成启动时间为 2018/7/1 16:10:52。
     1>项目“C:\Users\Promise\Desktop\公司员工管理系统\公司员工管理系统\公司员工管理系统.vcxproj”在节点 2 上(build 个目标)。
     1>InitializeBuildStatus:
         正在创建“Debug\公司员工管理系统.unsuccessfulbuild”，因为已指定“AlwaysCreate”。
       ClCompile:
         所有输出均为最新。
         D:\program\VS2010\VC\bin\CL.exe /c /ZI /nologo /W3 /WX- /Od /Oy- /D WIN32 /D _WINDOWS /D _DEBUG /D _UNICODE /D UNICODE /D _AFXDLL /Gm /EHsc /RTC1 /MDd /GS /fp:precise /Zc:wchar_t /Zc:forScope /Yu"StdAfx.h" /Fp"Debug\公司员工管理系统.pch" /Fo"Debug\\" /Fd"Debug\vc100.pdb" /Gd /TP /analyze- /errorReport:prompt "公司员工管理系统Dlg.cpp"
         公司员工管理系统Dlg.cpp
       ResourceCompile:
         所有输出均为最新。
       ManifestResourceCompile:
         所有输出均为最新。
       Link:
         D:\program\VS2010\VC\bin\link.exe /ERRORREPORT:PROMPT /OUT:"C:\Users\Promise\Desktop\公司员工管理系统\Debug\公司员工管理系统.exe" /INCREMENTAL /NOLOGO /MANIFEST /ManifestFile:"Debug\公司员工管理系统.exe.intermediate.manifest" /MANIFESTUAC:"level='asInvoker' uiAccess='false'" /DEBUG /PDB:"C:\Users\Promise\Desktop\公司员工管理系统\Debug\公司员工管理系统.pdb" /SUBSYSTEM:WINDOWS /TLBID:1 /ENTRY:"wWinMainCRTStartup" /DYNAMICBASE /NXCOMPAT /IMPLIB:"C:\Users\Promise\Desktop\公司员工管理系统\Debug\公司员工管理系统.lib" /MACHINE:X86 "Debug\公司员工管理系统.res"
         "Debug\公司员工管理系统.exe.embed.manifest.res"
         Debug\stdafx.obj
         "Debug\公司员工管理系统.obj"
         "Debug\公司员工管理系统Dlg.obj"
       Manifest:
         C:\Program Files (x86)\Microsoft SDKs\Windows\v7.0A\bin\mt.exe /nologo /verbose /out:"Debug\公司员工管理系统.exe.embed.manifest" /manifest "Debug\公司员工管理系统.exe.intermediate.manifest" D:\program\VS2010\VC\Include\Manifest\dpiaware.manifest
         所有输出均为最新。
       LinkEmbedManifest:
         所有输出均为最新。
         公司员工管理系统.vcxproj -> C:\Users\Promise\Desktop\公司员工管理系统\Debug\公司员工管理系统.exe
       FinalizeBuildStatus:
         正在删除文件“Debug\公司员工管理系统.unsuccessfulbuild”。
         正在对“Debug\公司员工管理系统.lastbuildstate”执行 Touch 任务。
     1>已完成生成项目“C:\Users\Promise\Desktop\公司员工管理系统\公司员工管理系统\公司员工管理系统.vcxproj”(build 个目标)的操作。

生成成功。

已用时间 00:00:00.53
