生成启动时间为 2018/6/29 16:16:39。
     1>项目“C:\Users\Promise\Desktop\Student\Student\Student.vcxproj”在节点 2 上(build 个目标)。
     1>InitializeBuildStatus:
         正在创建“.\Debug\Student.unsuccessfulbuild”，因为已指定“AlwaysCreate”。
       ClCompile:
         D:\program\VS2010\VC\bin\CL.exe /c /ZI /nologo /W3 /WX- /Od /Oy- /D WIN32 /D _DEBUG /D _WINDOWS /D _VC80_UPGRADE=0x0600 /D _MBCS /D _AFXDLL /Gm /EHsc /RTC1 /MDd /GS /Gy- /fp:precise /Zc:wchar_t /Zc:forScope /Yc"stdafx.h" /Fp".\Debug\Student.pch" /Fo".\Debug\\" /Fd".\Debug\vc100.pdb" /Gd /TP /analyze- /errorReport:prompt StdAfx.cpp
         StdAfx.cpp
         _WIN32_WINNT not defined. Defaulting to _WIN32_WINNT_MAXVER (see WinSDKVer.h)
         D:\program\VS2010\VC\bin\CL.exe /c /ZI /nologo /W3 /WX- /Od /Oy- /D WIN32 /D _DEBUG /D _WINDOWS /D _VC80_UPGRADE=0x0600 /D _MBCS /D _AFXDLL /Gm /EHsc /RTC1 /MDd /GS /Gy- /fp:precise /Zc:wchar_t /Zc:forScope /Yu"stdafx.h" /Fp".\Debug\Student.pch" /Fo".\Debug\\" /Fd".\Debug\vc100.pdb" /Gd /TP /analyze- /errorReport:prompt Student.cpp StudentDlg.cpp
         StudentDlg.cpp
         Student.cpp
     1>c:\users\promise\desktop\student\student\student.cpp(52): warning C4996: 'CWinApp::Enable3dControls': CWinApp::Enable3dControls is no longer needed. You should remove this call.
                 d:\program\vs2010\vc\atlmfc\include\afxwin.h(5344) : 参见“CWinApp::Enable3dControls”的声明
         正在生成代码...
       ResourceCompile:
         C:\Program Files (x86)\Microsoft SDKs\Windows\v7.0A\bin\rc.exe /D _DEBUG /D _VC80_UPGRADE=0x0600 /D _AFXDLL /l"0x0804" /nologo /fo".\Debug\Student.res" Student.rc 
       ManifestResourceCompile:
         C:\Program Files (x86)\Microsoft SDKs\Windows\v7.0A\bin\rc.exe /nologo /fo".\Debug\Student.exe.embed.manifest.res" .\Debug\Student_manifest.rc 
       Link:
         D:\program\VS2010\VC\bin\link.exe /ERRORREPORT:PROMPT /OUT:".\Debug\Student.exe" /INCREMENTAL /NOLOGO /MANIFEST /ManifestFile:".\Debug\Student.exe.intermediate.manifest" /MANIFESTUAC:"level='asInvoker' uiAccess='false'" /DEBUG /PDB:"C:\Users\Promise\Desktop\Student\Student\Debug\Student.pdb" /SUBSYSTEM:WINDOWS /TLBID:1 /DYNAMICBASE /NXCOMPAT /IMPLIB:".\Debug\Student.lib" /MACHINE:X86 .\Debug\Student.res
         .\Debug\Student.exe.embed.manifest.res
         .\Debug\StdAfx.obj
         .\Debug\Student.obj
         .\Debug\StudentDlg.obj
       Manifest:
         C:\Program Files (x86)\Microsoft SDKs\Windows\v7.0A\bin\mt.exe /nologo /verbose /out:".\Debug\Student.exe.embed.manifest" /manifest .\Debug\Student.exe.intermediate.manifest D:\program\VS2010\VC\Include\Manifest\dpiaware.manifest
         C:\Program Files (x86)\Microsoft SDKs\Windows\v7.0A\bin\rc.exe /nologo /fo".\Debug\Student.exe.embed.manifest.res" .\Debug\Student_manifest.rc 
       LinkEmbedManifest:
         D:\program\VS2010\VC\bin\link.exe /ERRORREPORT:PROMPT /OUT:".\Debug\Student.exe" /INCREMENTAL /NOLOGO /MANIFEST /ManifestFile:".\Debug\Student.exe.intermediate.manifest" /MANIFESTUAC:"level='asInvoker' uiAccess='false'" /DEBUG /PDB:"C:\Users\Promise\Desktop\Student\Student\Debug\Student.pdb" /SUBSYSTEM:WINDOWS /TLBID:1 /DYNAMICBASE /NXCOMPAT /IMPLIB:".\Debug\Student.lib" /MACHINE:X86 .\Debug\Student.res
         .\Debug\Student.exe.embed.manifest.res
         .\Debug\StdAfx.obj
         .\Debug\Student.obj
         .\Debug\StudentDlg.obj
         Student.vcxproj -> C:\Users\Promise\Desktop\Student\Student\.\Debug\Student.exe
       FinalizeBuildStatus:
         正在删除文件“.\Debug\Student.unsuccessfulbuild”。
         正在对“.\Debug\Student.lastbuildstate”执行 Touch 任务。
     1>已完成生成项目“C:\Users\Promise\Desktop\Student\Student\Student.vcxproj”(build 个目标)的操作。

生成成功。

已用时间 00:00:03.65
